<?xml version="1.0" encoding="UTF-8"?>
<!-- Generated by org.testng.reporters.JUnitReportReporter -->
<testsuite skipped="0" hostname="A2M0014" name="com.edureka.day7.DataProviderExample2" tests="2" failures="0" timestamp="21 Apr 2019 11:46:34 GMT" time="0.015" errors="0">
  <testcase name="printTestData" time="0.015" classname="com.edureka.day7.DataProviderExample2"/>
  <testcase name="printTestData" time="0.000" classname="com.edureka.day7.DataProviderExample2"/>
</testsuite> <!-- com.edureka.day7.DataProviderExample2 -->
