<?xml version="1.0" encoding="UTF-8"?>
<!-- Generated by org.testng.reporters.JUnitReportReporter -->
<testsuite skipped="1" hostname="A2M0014" name="com.edureka.day7.TestngPrac1" tests="3" failures="0" timestamp="21 Apr 2019 10:45:12 GMT" time="0.000" errors="0">
  <testcase name="testcase1" time="0.000" classname="com.edureka.day7.TestngPrac1"/>
  <testcase name="testcase3" time="0.000" classname="com.edureka.day7.TestngPrac1"/>
  <testcase name="testcase4" classname="com.edureka.day7.TestngPrac1">
    <skipped/>
  </testcase> <!-- testcase4 -->
</testsuite> <!-- com.edureka.day7.TestngPrac1 -->
