<?xml version="1.0" encoding="UTF-8"?>
<!-- Generated by org.testng.reporters.JUnitReportReporter -->
<testsuite skipped="0" hostname="A2M0014" name="com.edureka.day7.TestngPrac" tests="4" failures="0" timestamp="21 Apr 2019 09:55:11 GMT" time="0.027" errors="0">
  <testcase name="testcase3" time="0.002" classname="com.edureka.day7.TestngPrac"/>
  <testcase name="testcase4" time="0.002" classname="com.edureka.day7.TestngPrac"/>
  <testcase name="testcase1" time="0.019" classname="com.edureka.day7.TestngPrac"/>
  <testcase name="testcase2" time="0.004" classname="com.edureka.day7.TestngPrac"/>
</testsuite> <!-- com.edureka.day7.TestngPrac -->
