<?xml version="1.0" encoding="UTF-8"?>
<!-- Generated by org.testng.reporters.JUnitReportReporter -->
<testsuite skipped="0" hostname="A2M0014" name="com.edureka.day7.DataProviderExample" tests="3" failures="0" timestamp="21 Apr 2019 11:40:53 GMT" time="0.037" errors="0">
  <testcase name="printTestData" time="0.027" classname="com.edureka.day7.DataProviderExample"/>
  <testcase name="printTestData" time="0.006" classname="com.edureka.day7.DataProviderExample"/>
  <testcase name="printTestData" time="0.004" classname="com.edureka.day7.DataProviderExample"/>
</testsuite> <!-- com.edureka.day7.DataProviderExample -->
