<?xml version="1.0" encoding="UTF-8"?>
<!-- Generated by org.testng.reporters.JUnitReportReporter -->
<testsuite skipped="0" hostname="A2M0014" name="com.edureka.day7.TestngAnnotations" tests="1" failures="0" timestamp="21 Apr 2019 10:45:12 GMT" time="0.016" errors="0">
  <testcase name="testcase3" time="0.016" classname="com.edureka.day7.TestngAnnotations"/>
</testsuite> <!-- com.edureka.day7.TestngAnnotations -->
